0 info it worked if it ends with ok
1 verbose cli [ 'D:\\Program Files\\nodejs\\node.exe',
1 verbose cli   'D:\\Program Files\\nodejs\\node_modules\\npm\\bin\\npm-cli.js',
1 verbose cli   'run',
1 verbose cli   'dev' ]
2 info using npm@3.10.10
3 info using node@v6.10.0
4 verbose run-script [ 'predev', 'dev', 'postdev' ]
5 info lifecycle 01.webpack-study@1.0.0~predev: 01.webpack-study@1.0.0
6 silly lifecycle 01.webpack-study@1.0.0~predev: no script for predev, continuing
7 info lifecycle 01.webpack-study@1.0.0~dev: 01.webpack-study@1.0.0
8 verbose lifecycle 01.webpack-study@1.0.0~dev: unsafe-perm in lifecycle true
9 verbose lifecycle 01.webpack-study@1.0.0~dev: PATH: D:\Program Files\nodejs\node_modules\npm\bin\node-gyp-bin;D:\TestCode\vue-cms-Test\node_modules\.bin;c:\program files\graphicsmagick-1.3.29-q16;C:\Python27\;C:\Python27\Scripts;C:\ProgramData\Oracle\Java\javapath;D:\Program Files\Java\jdk1.8.0_121\bin;D:\Program Files\Java\jdk1.8.0_121\jre\bin;C:\Windows\system32;C:\Windows;C:\Windows\System32\Wbem;C:\Windows\System32\WindowsPowerShell\v1.0\;C:\Program Files (x86)\AMD\ATI.ACE\Core-Static;C:\Program Files (x86)\Microsoft SQL Server\80\Tools\Binn\;C:\Program Files\Microsoft SQL Server\90\Tools\binn\;C:\Program Files (x86)\Microsoft SQL Server\90\Tools\binn\;C:\Program Files (x86)\Microsoft SQL Server\90\DTS\Binn\;C:\Program Files (x86)\Microsoft SQL Server\90\Tools\Binn\VSShell\Common7\IDE\;C:\Program Files (x86)\Windows Kits\8.1\Windows Performance Toolkit\;C:\Program Files\Microsoft SQL Server\110\Tools\Binn\;C:\Program Files (x86)\Microsoft SDKs\TypeScript\1.0\;D:\Program Files\TortoiseSVN\bin;D:\Program Files\nodejs\;C:\Users\kaifa\AppData\Local\Android\Sdk\tools;C:\Users\kaifa\AppData\Local\Android\Sdk\platform-tools;C:\Program Files\MongoDB\Server\4.0\bin;C:\Program Files\GraphicsMagick-1.3.29-Q16;D:\Tomcat\apache-tomcat-7.0.40\bin;;C:\Program Files\Microsoft VS Code\bin;C:\Users\kaifa\AppData\Roaming\npm;D:\Program Files\nodejs\node_global;C:\Users\kaifa\nvm_x86\nvm;C:\Users\kaifa\nvm_x86\nodejs;C:\Program Files\Microsoft VS Code\bin;C:\Users\kaifa\AppData\Local\Programs\Fiddler
10 verbose lifecycle 01.webpack-study@1.0.0~dev: CWD: D:\TestCode\vue-cms-Test
11 silly lifecycle 01.webpack-study@1.0.0~dev: Args: [ '/d /s /c', 'webpack-dev-server --open --port 3000 --hot' ]
12 verbose stack Error: kill ENOSYS
12 verbose stack     at exports._errnoException (util.js:1022:11)
12 verbose stack     at process.kill (internal/process.js:172:13)
12 verbose stack     at process.listener (D:\Program Files\nodejs\node_modules\npm\node_modules\npmlog\node_modules\gauge\node_modules\signal-exit\index.js:86:15)
12 verbose stack     at emitNone (events.js:91:20)
12 verbose stack     at process.emit (events.js:185:7)
12 verbose stack     at processEmit (D:\Program Files\nodejs\node_modules\npm\node_modules\npmlog\node_modules\gauge\node_modules\signal-exit\index.js:146:32)
12 verbose stack     at processEmit (D:\Program Files\nodejs\node_modules\npm\node_modules\npm-registry-client\node_modules\npmlog\node_modules\gauge\node_modules\signal-exit\index.js:146:32)
12 verbose stack     at Signal.wrap.onsignal (internal/process.js:199:44)
13 verbose cwd D:\TestCode\vue-cms-Test
14 error Windows_NT 6.1.7601
15 error argv "D:\\Program Files\\nodejs\\node.exe" "D:\\Program Files\\nodejs\\node_modules\\npm\\bin\\npm-cli.js" "run" "dev"
16 error node v6.10.0
17 error npm  v3.10.10
18 error code ENOSYS
19 error errno ENOSYS
20 error syscall kill
21 error kill ENOSYS
22 error If you need help, you may report this error at:
22 error     <https://github.com/npm/npm/issues>
23 verbose exit [ 1, true ]
